0 info it worked if it ends with ok
1 verbose cli [ '/data/home/dongshaoshuai/.nvm/versions/node/v5.3.0/bin/node',
1 verbose cli   '/data/home/dongshaoshuai/.nvm/versions/node/v5.3.0/bin/npm',
1 verbose cli   'run',
1 verbose cli   'deploy-pre' ]
2 info using npm@3.3.12
3 info using node@v5.3.0
4 verbose stack Error: missing script: deploy-pre
4 verbose stack     at run (/data/home/dongshaoshuai/.nvm/versions/node/v5.3.0/lib/node_modules/npm/lib/run-script.js:147:19)
4 verbose stack     at /data/home/dongshaoshuai/.nvm/versions/node/v5.3.0/lib/node_modules/npm/lib/run-script.js:57:5
4 verbose stack     at /data/home/dongshaoshuai/.nvm/versions/node/v5.3.0/lib/node_modules/npm/node_modules/read-package-json/read-json.js:345:5
4 verbose stack     at checkBinReferences_ (/data/home/dongshaoshuai/.nvm/versions/node/v5.3.0/lib/node_modules/npm/node_modules/read-package-json/read-json.js:309:45)
4 verbose stack     at final (/data/home/dongshaoshuai/.nvm/versions/node/v5.3.0/lib/node_modules/npm/node_modules/read-package-json/read-json.js:343:3)
4 verbose stack     at then (/data/home/dongshaoshuai/.nvm/versions/node/v5.3.0/lib/node_modules/npm/node_modules/read-package-json/read-json.js:113:5)
4 verbose stack     at /data/home/dongshaoshuai/.nvm/versions/node/v5.3.0/lib/node_modules/npm/node_modules/read-package-json/read-json.js:300:12
4 verbose stack     at /data/home/dongshaoshuai/.nvm/versions/node/v5.3.0/lib/node_modules/npm/node_modules/graceful-fs/graceful-fs.js:76:16
4 verbose stack     at tryToString (fs.js:414:3)
4 verbose stack     at FSReqWrap.readFileAfterClose [as oncomplete] (fs.js:401:12)
5 verbose cwd /data/home/dongshaoshuai/js/dogs
6 error Linux 2.6.32-279.19.5.el6.ucloud.x86_64
7 error argv "/data/home/dongshaoshuai/.nvm/versions/node/v5.3.0/bin/node" "/data/home/dongshaoshuai/.nvm/versions/node/v5.3.0/bin/npm" "run" "deploy-pre"
8 error node v5.3.0
9 error npm  v3.3.12
10 error missing script: deploy-pre
11 error If you need help, you may report this error at:
11 error     <https://github.com/npm/npm/issues>
12 verbose exit [ 1, true ]
